<?xml version="1.0" encoding="utf-8"?><testsuites><testsuite name="pytest" errors="0" failures="0" skipped="0" tests="20" time="33.392" timestamp="2025-01-28T11:50:03.012834+00:00" hostname="biobb-runners"><testcase classname="biobb_structure_utils.test.unitests.test_utils.test_cat_pdb.TestCatPDB" name="test_launch" time="0.246" /><testcase classname="biobb_structure_utils.test.unitests.test_utils.test_closest_residues.TestClosestResidues" name="test_launch" time="2.070" /><testcase classname="biobb_structure_utils.test.unitests.test_utils.test_extract_atoms_gro.TestExtractAtomsGRO" name="test_launch" time="5.074" /><testcase classname="biobb_structure_utils.test.unitests.test_utils.test_extract_atoms_pdb.TestExtractAtomsPDB" name="test_launch" time="0.077" /><testcase classname="biobb_structure_utils.test.unitests.test_utils.test_extract_chain.TestExtractChain" name="test_launch" time="0.423" /><testcase classname="biobb_structure_utils.test.unitests.test_utils.test_extract_heteroatom.TestExtractHeteroAtoms" name="test_launch" time="1.106" /><testcase classname="biobb_structure_utils.test.unitests.test_utils.test_extract_model.TestExtractModel" name="test_launch" time="3.274" /><testcase classname="biobb_structure_utils.test.unitests.test_utils.test_extract_molecule.TestExtractMolecule" name="test_launch" time="0.866" /><testcase classname="biobb_structure_utils.test.unitests.test_utils.test_extract_residues.TestExtractResidues" name="test_launch" time="0.659" /><testcase classname="biobb_structure_utils.test.unitests.test_utils.test_remove_ligand_gro.TestRemoveLigandGro" name="test_launch" time="0.497" /><testcase classname="biobb_structure_utils.test.unitests.test_utils.test_remove_ligand_pdb.TestRemoveLigandPDB" name="test_launch" time="2.674" /><testcase classname="biobb_structure_utils.test.unitests.test_utils.test_remove_molecules.TestRemoveMolecules" name="test_launch" time="6.450" /><testcase classname="biobb_structure_utils.test.unitests.test_utils.test_remove_pdb_water.TestRemovePDBWater" name="test_launch" time="0.888" /><testcase classname="biobb_structure_utils.test.unitests.test_utils.test_renumber_structure_2vgb.TestRenumberStructure2VGB" name="test_launch" time="0.919" /><testcase classname="biobb_structure_utils.test.unitests.test_utils.test_renumber_structure_gro.TestRenumberStructureGRO" name="test_launch" time="0.172" /><testcase classname="biobb_structure_utils.test.unitests.test_utils.test_renumber_structure_pdb.TestRenumberStructurePDB" name="test_launch" time="0.038" /><testcase classname="biobb_structure_utils.test.unitests.test_utils.test_renumber_structure_smallgro.TestRenumberStructureSMALLGRO" name="test_launch" time="0.038" /><testcase classname="biobb_structure_utils.test.unitests.test_utils.test_sort_gro_residues.TestSortGroResidues" name="test_launch" time="4.837" /><testcase classname="biobb_structure_utils.test.unitests.test_utils.test_str_check_add_hydrogens.TestStrCheckAddHydrogens" name="test_str_check_add_hydrogens" time="1.105" /><testcase classname="biobb_structure_utils.test.unitests.test_utils.test_structure_check.TestStructureCheck" name="test_launch" time="1.250" /></testsuite></testsuites>