<?xml version="1.0" encoding="utf-8"?><testsuites><testsuite errors="0" failures="0" hostname="biobb-runners" name="pytest" skipped="0" tests="20" time="34.495" timestamp="2023-04-28T14:51:15.491917"><testcase classname="biobb_structure_utils.test.unitests.test_utils.test_cat_pdb.TestCatPDB" name="test_launch" time="0.119" /><testcase classname="biobb_structure_utils.test.unitests.test_utils.test_closest_residues.TestClosestResidues" name="test_launch" time="1.934" /><testcase classname="biobb_structure_utils.test.unitests.test_utils.test_extract_atoms_gro.TestExtractAtomsGRO" name="test_launch" time="5.027" /><testcase classname="biobb_structure_utils.test.unitests.test_utils.test_extract_atoms_pdb.TestExtractAtomsPDB" name="test_launch" time="0.066" /><testcase classname="biobb_structure_utils.test.unitests.test_utils.test_extract_chain.TestExtractChain" name="test_launch" time="0.401" /><testcase classname="biobb_structure_utils.test.unitests.test_utils.test_extract_heteroatom.TestExtractHeteroAtoms" name="test_launch" time="1.102" /><testcase classname="biobb_structure_utils.test.unitests.test_utils.test_extract_model.TestExtractModel" name="test_launch" time="7.100" /><testcase classname="biobb_structure_utils.test.unitests.test_utils.test_extract_molecule.TestExtractMolecule" name="test_launch" time="0.652" /><testcase classname="biobb_structure_utils.test.unitests.test_utils.test_extract_residues.TestExtractResidues" name="test_launch" time="0.588" /><testcase classname="biobb_structure_utils.test.unitests.test_utils.test_remove_ligand_gro.TestRemoveLigandGro" name="test_launch" time="0.436" /><testcase classname="biobb_structure_utils.test.unitests.test_utils.test_remove_ligand_pdb.TestRemoveLigandPDB" name="test_launch" time="2.621" /><testcase classname="biobb_structure_utils.test.unitests.test_utils.test_remove_molecules.TestRemoveMolecules" name="test_launch" time="5.123" /><testcase classname="biobb_structure_utils.test.unitests.test_utils.test_remove_pdb_water.TestRemovePDBWater" name="test_launch" time="0.799" /><testcase classname="biobb_structure_utils.test.unitests.test_utils.test_renumber_structure_2vgb.TestRenumberStructure2VGB" name="test_launch" time="0.865" /><testcase classname="biobb_structure_utils.test.unitests.test_utils.test_renumber_structure_gro.TestRenumberStructureGRO" name="test_launch" time="0.142" /><testcase classname="biobb_structure_utils.test.unitests.test_utils.test_renumber_structure_pdb.TestRenumberStructurePDB" name="test_launch" time="0.031" /><testcase classname="biobb_structure_utils.test.unitests.test_utils.test_renumber_structure_smallgro.TestRenumberStructureSMALLGRO" name="test_launch" time="0.029" /><testcase classname="biobb_structure_utils.test.unitests.test_utils.test_sort_gro_residues.TestSortGroResidues" name="test_launch" time="4.685" /><testcase classname="biobb_structure_utils.test.unitests.test_utils.test_str_check_add_hydrogens.TestStrCheckAddHydrogens" name="test_str_check_add_hydrogens" time="1.099" /><testcase classname="biobb_structure_utils.test.unitests.test_utils.test_structure_check.TestStructureCheck" name="test_launch" time="1.151" /></testsuite></testsuites>