<?xml version="1.0" encoding="utf-8"?><testsuites><testsuite name="pytest" errors="0" failures="0" skipped="0" tests="20" time="32.119" timestamp="2024-05-24T09:06:12.041622" hostname="biobb-runners"><testcase classname="biobb_structure_utils.test.unitests.test_utils.test_cat_pdb.TestCatPDB" name="test_launch" time="0.125" /><testcase classname="biobb_structure_utils.test.unitests.test_utils.test_closest_residues.TestClosestResidues" name="test_launch" time="2.066" /><testcase classname="biobb_structure_utils.test.unitests.test_utils.test_extract_atoms_gro.TestExtractAtomsGRO" name="test_launch" time="5.094" /><testcase classname="biobb_structure_utils.test.unitests.test_utils.test_extract_atoms_pdb.TestExtractAtomsPDB" name="test_launch" time="0.076" /><testcase classname="biobb_structure_utils.test.unitests.test_utils.test_extract_chain.TestExtractChain" name="test_launch" time="0.404" /><testcase classname="biobb_structure_utils.test.unitests.test_utils.test_extract_heteroatom.TestExtractHeteroAtoms" name="test_launch" time="1.100" /><testcase classname="biobb_structure_utils.test.unitests.test_utils.test_extract_model.TestExtractModel" name="test_launch" time="3.252" /><testcase classname="biobb_structure_utils.test.unitests.test_utils.test_extract_molecule.TestExtractMolecule" name="test_launch" time="0.714" /><testcase classname="biobb_structure_utils.test.unitests.test_utils.test_extract_residues.TestExtractResidues" name="test_launch" time="0.580" /><testcase classname="biobb_structure_utils.test.unitests.test_utils.test_remove_ligand_gro.TestRemoveLigandGro" name="test_launch" time="0.518" /><testcase classname="biobb_structure_utils.test.unitests.test_utils.test_remove_ligand_pdb.TestRemoveLigandPDB" name="test_launch" time="2.663" /><testcase classname="biobb_structure_utils.test.unitests.test_utils.test_remove_molecules.TestRemoveMolecules" name="test_launch" time="6.002" /><testcase classname="biobb_structure_utils.test.unitests.test_utils.test_remove_pdb_water.TestRemovePDBWater" name="test_launch" time="0.793" /><testcase classname="biobb_structure_utils.test.unitests.test_utils.test_renumber_structure_2vgb.TestRenumberStructure2VGB" name="test_launch" time="0.919" /><testcase classname="biobb_structure_utils.test.unitests.test_utils.test_renumber_structure_gro.TestRenumberStructureGRO" name="test_launch" time="0.164" /><testcase classname="biobb_structure_utils.test.unitests.test_utils.test_renumber_structure_pdb.TestRenumberStructurePDB" name="test_launch" time="0.036" /><testcase classname="biobb_structure_utils.test.unitests.test_utils.test_renumber_structure_smallgro.TestRenumberStructureSMALLGRO" name="test_launch" time="0.034" /><testcase classname="biobb_structure_utils.test.unitests.test_utils.test_sort_gro_residues.TestSortGroResidues" name="test_launch" time="4.835" /><testcase classname="biobb_structure_utils.test.unitests.test_utils.test_str_check_add_hydrogens.TestStrCheckAddHydrogens" name="test_str_check_add_hydrogens" time="1.022" /><testcase classname="biobb_structure_utils.test.unitests.test_utils.test_structure_check.TestStructureCheck" name="test_launch" time="1.125" /></testsuite></testsuites>