<?xml version="1.0" encoding="utf-8"?><testsuites><testsuite name="pytest" errors="0" failures="0" skipped="0" tests="20" time="31.959" timestamp="2024-04-30T15:58:03.872674" hostname="biobb-runners"><testcase classname="biobb_structure_utils.test.unitests.test_utils.test_cat_pdb.TestCatPDB" name="test_launch" time="0.125" /><testcase classname="biobb_structure_utils.test.unitests.test_utils.test_closest_residues.TestClosestResidues" name="test_launch" time="2.040" /><testcase classname="biobb_structure_utils.test.unitests.test_utils.test_extract_atoms_gro.TestExtractAtomsGRO" name="test_launch" time="5.075" /><testcase classname="biobb_structure_utils.test.unitests.test_utils.test_extract_atoms_pdb.TestExtractAtomsPDB" name="test_launch" time="0.073" /><testcase classname="biobb_structure_utils.test.unitests.test_utils.test_extract_chain.TestExtractChain" name="test_launch" time="0.406" /><testcase classname="biobb_structure_utils.test.unitests.test_utils.test_extract_heteroatom.TestExtractHeteroAtoms" name="test_launch" time="1.090" /><testcase classname="biobb_structure_utils.test.unitests.test_utils.test_extract_model.TestExtractModel" name="test_launch" time="3.172" /><testcase classname="biobb_structure_utils.test.unitests.test_utils.test_extract_molecule.TestExtractMolecule" name="test_launch" time="0.718" /><testcase classname="biobb_structure_utils.test.unitests.test_utils.test_extract_residues.TestExtractResidues" name="test_launch" time="0.568" /><testcase classname="biobb_structure_utils.test.unitests.test_utils.test_remove_ligand_gro.TestRemoveLigandGro" name="test_launch" time="0.481" /><testcase classname="biobb_structure_utils.test.unitests.test_utils.test_remove_ligand_pdb.TestRemoveLigandPDB" name="test_launch" time="2.657" /><testcase classname="biobb_structure_utils.test.unitests.test_utils.test_remove_molecules.TestRemoveMolecules" name="test_launch" time="6.039" /><testcase classname="biobb_structure_utils.test.unitests.test_utils.test_remove_pdb_water.TestRemovePDBWater" name="test_launch" time="0.812" /><testcase classname="biobb_structure_utils.test.unitests.test_utils.test_renumber_structure_2vgb.TestRenumberStructure2VGB" name="test_launch" time="0.878" /><testcase classname="biobb_structure_utils.test.unitests.test_utils.test_renumber_structure_gro.TestRenumberStructureGRO" name="test_launch" time="0.160" /><testcase classname="biobb_structure_utils.test.unitests.test_utils.test_renumber_structure_pdb.TestRenumberStructurePDB" name="test_launch" time="0.035" /><testcase classname="biobb_structure_utils.test.unitests.test_utils.test_renumber_structure_smallgro.TestRenumberStructureSMALLGRO" name="test_launch" time="0.034" /><testcase classname="biobb_structure_utils.test.unitests.test_utils.test_sort_gro_residues.TestSortGroResidues" name="test_launch" time="4.837" /><testcase classname="biobb_structure_utils.test.unitests.test_utils.test_str_check_add_hydrogens.TestStrCheckAddHydrogens" name="test_str_check_add_hydrogens" time="1.003" /><testcase classname="biobb_structure_utils.test.unitests.test_utils.test_structure_check.TestStructureCheck" name="test_launch" time="1.133" /></testsuite></testsuites>