<?xml version="1.0" encoding="utf-8"?><testsuites><testsuite name="pytest" errors="0" failures="0" skipped="0" tests="20" time="30.004" timestamp="2024-11-21T09:13:12.727064+00:00" hostname="biobb-runners"><testcase classname="biobb_structure_utils.test.unitests.test_utils.test_cat_pdb.TestCatPDB" name="test_launch" time="0.113" /><testcase classname="biobb_structure_utils.test.unitests.test_utils.test_closest_residues.TestClosestResidues" name="test_launch" time="1.727" /><testcase classname="biobb_structure_utils.test.unitests.test_utils.test_extract_atoms_gro.TestExtractAtomsGRO" name="test_launch" time="5.012" /><testcase classname="biobb_structure_utils.test.unitests.test_utils.test_extract_atoms_pdb.TestExtractAtomsPDB" name="test_launch" time="0.077" /><testcase classname="biobb_structure_utils.test.unitests.test_utils.test_extract_chain.TestExtractChain" name="test_launch" time="0.364" /><testcase classname="biobb_structure_utils.test.unitests.test_utils.test_extract_heteroatom.TestExtractHeteroAtoms" name="test_launch" time="0.894" /><testcase classname="biobb_structure_utils.test.unitests.test_utils.test_extract_model.TestExtractModel" name="test_launch" time="3.201" /><testcase classname="biobb_structure_utils.test.unitests.test_utils.test_extract_molecule.TestExtractMolecule" name="test_launch" time="0.780" /><testcase classname="biobb_structure_utils.test.unitests.test_utils.test_extract_residues.TestExtractResidues" name="test_launch" time="0.520" /><testcase classname="biobb_structure_utils.test.unitests.test_utils.test_remove_ligand_gro.TestRemoveLigandGro" name="test_launch" time="0.469" /><testcase classname="biobb_structure_utils.test.unitests.test_utils.test_remove_ligand_pdb.TestRemoveLigandPDB" name="test_launch" time="2.398" /><testcase classname="biobb_structure_utils.test.unitests.test_utils.test_remove_molecules.TestRemoveMolecules" name="test_launch" time="4.663" /><testcase classname="biobb_structure_utils.test.unitests.test_utils.test_remove_pdb_water.TestRemovePDBWater" name="test_launch" time="0.836" /><testcase classname="biobb_structure_utils.test.unitests.test_utils.test_renumber_structure_2vgb.TestRenumberStructure2VGB" name="test_launch" time="1.009" /><testcase classname="biobb_structure_utils.test.unitests.test_utils.test_renumber_structure_gro.TestRenumberStructureGRO" name="test_launch" time="0.160" /><testcase classname="biobb_structure_utils.test.unitests.test_utils.test_renumber_structure_pdb.TestRenumberStructurePDB" name="test_launch" time="0.039" /><testcase classname="biobb_structure_utils.test.unitests.test_utils.test_renumber_structure_smallgro.TestRenumberStructureSMALLGRO" name="test_launch" time="0.037" /><testcase classname="biobb_structure_utils.test.unitests.test_utils.test_sort_gro_residues.TestSortGroResidues" name="test_launch" time="4.976" /><testcase classname="biobb_structure_utils.test.unitests.test_utils.test_str_check_add_hydrogens.TestStrCheckAddHydrogens" name="test_str_check_add_hydrogens" time="1.032" /><testcase classname="biobb_structure_utils.test.unitests.test_utils.test_structure_check.TestStructureCheck" name="test_launch" time="1.102" /></testsuite></testsuites>